2025-06-15 12:16:26,527 INFO o.a.j.u.JMeterUtils: Setting Locale to en_EN
2025-06-15 12:16:26,560 INFO o.a.j.JMeter: Loading user properties from: /opt/jmeter/bin/user.properties
2025-06-15 12:16:26,561 INFO o.a.j.JMeter: Loading system properties from: /opt/jmeter/bin/system.properties
2025-06-15 12:16:26,570 INFO o.a.j.JMeter: Copyright (c) 1998-2024 The Apache Software Foundation
2025-06-15 12:16:26,570 INFO o.a.j.JMeter: Version 5.6.3
2025-06-15 12:16:26,570 INFO o.a.j.JMeter: java.version=17.0.15
2025-06-15 12:16:26,570 INFO o.a.j.JMeter: java.vm.name=OpenJDK 64-Bit Server VM
2025-06-15 12:16:26,570 INFO o.a.j.JMeter: os.name=Linux
2025-06-15 12:16:26,570 INFO o.a.j.JMeter: os.arch=amd64
2025-06-15 12:16:26,570 INFO o.a.j.JMeter: os.version=6.6.87.1-microsoft-standard-WSL2
2025-06-15 12:16:26,570 INFO o.a.j.JMeter: file.encoding=UTF-8
2025-06-15 12:16:26,571 INFO o.a.j.JMeter: java.awt.headless=null
2025-06-15 12:16:26,571 INFO o.a.j.JMeter: Max memory     =1073741824
2025-06-15 12:16:26,571 INFO o.a.j.JMeter: Available Processors =12
2025-06-15 12:16:26,584 INFO o.a.j.JMeter: Default Locale=English (EN)
2025-06-15 12:16:26,585 INFO o.a.j.JMeter: JMeter  Locale=English (EN)
2025-06-15 12:16:26,585 INFO o.a.j.JMeter: JMeterHome=/opt/jmeter
2025-06-15 12:16:26,585 INFO o.a.j.JMeter: user.dir  =/home/melek/otel-mastery
2025-06-15 12:16:26,585 INFO o.a.j.JMeter: PWD       =/home/melek/otel-mastery
2025-06-15 12:16:26,586 INFO o.a.j.JMeter: IP: 127.0.1.1 Name: Melek FullName: Melek.localdomain
2025-06-15 12:16:26,607 INFO o.a.j.JMeter: Loaded icon properties from org/apache/jmeter/images/icon.properties
2025-06-15 12:16:27,020 INFO o.a.j.JMeterGuiLauncher: Setting LAF to: com.github.weisj.darklaf.DarkLaf:com.github.weisj.darklaf.theme.IntelliJTheme
2025-06-15 12:16:28,200 INFO o.a.j.r.ClassFinder: Will scan jar /opt/jmeter/lib/ext/jmeter-prometheus-plugin-0.6.0.jar with filter ExtendsClassFilter [parents=[interface org.apache.jmeter.gui.action.Command], inner=false, contains=null, notContains=null]. Consider exposing JMeter plugins via META-INF/services, and add JMeter-Skip-Class-Scanning=true manifest attribute so JMeter can skip classfile scanning
2025-06-15 12:16:28,216 INFO o.a.j.r.ClassFinder: Will scan jar /opt/jmeter/lib/ext/jmeter-plugins-manager-1.10.jar with filter ExtendsClassFilter [parents=[interface org.apache.jmeter.gui.action.Command], inner=false, contains=null, notContains=null]. Consider exposing JMeter plugins via META-INF/services, and add JMeter-Skip-Class-Scanning=true manifest attribute so JMeter can skip classfile scanning
2025-06-15 12:16:28,453 INFO o.a.j.r.ClassFinder: Will scan jar /opt/jmeter/lib/ext/jmeter-prometheus-plugin-0.6.0.jar with filter ExtendsClassFilter [parents=[interface org.apache.jmeter.gui.plugin.MenuCreator], inner=false, contains=null, notContains=null]. Consider exposing JMeter plugins via META-INF/services, and add JMeter-Skip-Class-Scanning=true manifest attribute so JMeter can skip classfile scanning
2025-06-15 12:16:28,455 INFO o.a.j.r.ClassFinder: Will scan jar /opt/jmeter/lib/ext/jmeter-plugins-manager-1.10.jar with filter ExtendsClassFilter [parents=[interface org.apache.jmeter.gui.plugin.MenuCreator], inner=false, contains=null, notContains=null]. Consider exposing JMeter plugins via META-INF/services, and add JMeter-Skip-Class-Scanning=true manifest attribute so JMeter can skip classfile scanning
2025-06-15 12:16:28,551 INFO o.j.r.JARSourceHTTP: Requesting https://jmeter-plugins.org/repo/?installID=linux-a4468abba622e80ee24196d21c986185-gui
2025-06-15 12:16:31,182 INFO o.j.r.PluginManager: Plugins Status: [jpgc-plugins-manager=1.10, jmeter-prometheus=0.6.0, jmeter-core=5.6.3, jmeter-ftp=5.6.3, jmeter-http=5.6.3, jmeter-jdbc=5.6.3, jmeter-jms=5.6.3, jmeter-junit=5.6.3, jmeter-java=5.6.3, jmeter-ldap=5.6.3, jmeter-mail=5.6.3, jmeter-mongodb=5.6.3, jmeter-native=5.6.3, jmeter-tcp=5.6.3, jmeter-components=5.6.3]
2025-06-15 12:16:31,183 INFO o.j.r.PluginManagerMenuItem: Plugins Manager has upgrades: [jpgc-plugins-manager]
2025-06-15 12:16:39,651 INFO o.a.j.s.FileServer: Default base='/home/melek/otel-mastery'
2025-06-15 12:16:39,654 INFO o.a.j.g.a.Load: Loading file: /home/melek/otel-mastery/test/script.jmx
2025-06-15 12:16:39,654 INFO o.a.j.s.FileServer: Set new base='/home/melek/otel-mastery/test'
2025-06-15 12:16:39,843 INFO o.a.j.s.SaveService: Testplan (JMX) version: 2.2. Testlog (JTL) version: 2.2
2025-06-15 12:16:39,850 INFO o.a.j.s.SaveService: Using SaveService properties version 5.0
2025-06-15 12:16:39,852 INFO o.a.j.s.SaveService: Using SaveService properties file encoding UTF-8
2025-06-15 12:16:39,853 INFO o.a.j.s.SaveService: Loading file: /home/melek/otel-mastery/test/script.jmx
2025-06-15 12:16:39,991 INFO o.a.j.p.h.s.HTTPSamplerBase: Parser for text/html is org.apache.jmeter.protocol.http.parser.LagartoBasedHtmlParser
2025-06-15 12:16:39,991 INFO o.a.j.p.h.s.HTTPSamplerBase: Parser for application/xhtml+xml is org.apache.jmeter.protocol.http.parser.LagartoBasedHtmlParser
2025-06-15 12:16:39,991 INFO o.a.j.p.h.s.HTTPSamplerBase: Parser for application/xml is org.apache.jmeter.protocol.http.parser.LagartoBasedHtmlParser
2025-06-15 12:16:39,991 INFO o.a.j.p.h.s.HTTPSamplerBase: Parser for text/xml is org.apache.jmeter.protocol.http.parser.LagartoBasedHtmlParser
2025-06-15 12:16:39,991 INFO o.a.j.p.h.s.HTTPSamplerBase: Parser for text/vnd.wap.wml is org.apache.jmeter.protocol.http.parser.RegexpHTMLParser
2025-06-15 12:16:39,991 INFO o.a.j.p.h.s.HTTPSamplerBase: Parser for text/css is org.apache.jmeter.protocol.http.parser.CssParser
2025-06-15 12:16:40,538 INFO o.a.j.s.SampleResult: Note: Sample TimeStamps are START times
2025-06-15 12:16:40,538 INFO o.a.j.s.SampleResult: sampleresult.default.encoding is set to UTF-8
2025-06-15 12:16:40,538 INFO o.a.j.s.SampleResult: sampleresult.useNanoTime=true
2025-06-15 12:16:40,538 INFO o.a.j.s.SampleResult: sampleresult.nanoThreadSleep=5000
2025-06-15 12:16:40,629 INFO o.a.j.r.ClassFinder: Will scan jar /opt/jmeter/lib/ext/jmeter-prometheus-plugin-0.6.0.jar with filter ExtendsClassFilter [parents=[interface org.apache.jmeter.visualizers.ResultRenderer], inner=false, contains=null, notContains=null]. Consider exposing JMeter plugins via META-INF/services, and add JMeter-Skip-Class-Scanning=true manifest attribute so JMeter can skip classfile scanning
2025-06-15 12:16:40,630 INFO o.a.j.r.ClassFinder: Will scan jar /opt/jmeter/lib/ext/jmeter-plugins-manager-1.10.jar with filter ExtendsClassFilter [parents=[interface org.apache.jmeter.visualizers.ResultRenderer], inner=false, contains=null, notContains=null]. Consider exposing JMeter plugins via META-INF/services, and add JMeter-Skip-Class-Scanning=true manifest attribute so JMeter can skip classfile scanning
2025-06-15 12:16:40,645 INFO o.a.j.r.ClassFinder: Will scan jar /opt/jmeter/lib/ext/jmeter-prometheus-plugin-0.6.0.jar with filter ExtendsClassFilter [parents=[interface org.apache.jmeter.visualizers.RequestView], inner=false, contains=null, notContains=null]. Consider exposing JMeter plugins via META-INF/services, and add JMeter-Skip-Class-Scanning=true manifest attribute so JMeter can skip classfile scanning
2025-06-15 12:16:40,647 INFO o.a.j.r.ClassFinder: Will scan jar /opt/jmeter/lib/ext/jmeter-plugins-manager-1.10.jar with filter ExtendsClassFilter [parents=[interface org.apache.jmeter.visualizers.RequestView], inner=false, contains=null, notContains=null]. Consider exposing JMeter plugins via META-INF/services, and add JMeter-Skip-Class-Scanning=true manifest attribute so JMeter can skip classfile scanning
2025-06-15 12:16:40,716 INFO o.a.j.s.FileServer: Set new base='/home/melek/otel-mastery/test'
2025-06-15 12:16:56,864 INFO o.a.j.e.StandardJMeterEngine: Running the test!
2025-06-15 12:16:56,864 INFO o.a.j.s.SampleEvent: List of sample_variables: []
2025-06-15 12:16:56,864 INFO o.a.j.s.SampleEvent: List of sample_variables: []
2025-06-15 12:16:56,865 INFO o.a.j.e.u.CompoundVariable: Note: Function class names must contain the string: '.functions.'
2025-06-15 12:16:56,865 INFO o.a.j.e.u.CompoundVariable: Note: Function class names must not contain the string: '.gui.'
2025-06-15 12:16:56,886 INFO o.a.j.r.ClassFinder: Will scan jar /opt/jmeter/lib/ext/jmeter-prometheus-plugin-0.6.0.jar with filter ExtendsClassFilter [parents=[interface org.apache.jmeter.functions.Function], inner=false, contains=null, notContains=null]. Consider exposing JMeter plugins via META-INF/services, and add JMeter-Skip-Class-Scanning=true manifest attribute so JMeter can skip classfile scanning
2025-06-15 12:16:56,887 INFO o.a.j.r.ClassFinder: Will scan jar /opt/jmeter/lib/ext/jmeter-plugins-manager-1.10.jar with filter ExtendsClassFilter [parents=[interface org.apache.jmeter.functions.Function], inner=false, contains=null, notContains=null]. Consider exposing JMeter plugins via META-INF/services, and add JMeter-Skip-Class-Scanning=true manifest attribute so JMeter can skip classfile scanning
2025-06-15 12:16:56,898 ERROR c.g.j.c.BaseCollectorConfig: Didn't create collector from definition [collector.help: default help string, collector.metric_name: jmeter_response_size_summary, collector.type: SUMMARY, collector.labels: [label, code, test_type, scenario_id, app.requestPath], collector.quantiles_or_buckets: 0.75,0.5|0.95,0.1|0.99,0.01, listener.collector.measuring: ResponseSize, ] because of an error
java.lang.IllegalArgumentException: Invalid metric label name: app.requestPath
	at io.prometheus.client.Collector.checkMetricLabelName(Collector.java:203) ~[jmeter-prometheus-plugin-0.6.0.jar:?]
	at io.prometheus.client.SimpleCollector.<init>(SimpleCollector.java:170) ~[jmeter-prometheus-plugin-0.6.0.jar:?]
	at io.prometheus.client.Summary.<init>(Summary.java:88) ~[jmeter-prometheus-plugin-0.6.0.jar:?]
	at io.prometheus.client.Summary$Builder.create(Summary.java:136) ~[jmeter-prometheus-plugin-0.6.0.jar:?]
	at com.github.johrstrom.collector.BaseCollectorConfig.newSummary(BaseCollectorConfig.java:222) ~[jmeter-prometheus-plugin-0.6.0.jar:?]
	at com.github.johrstrom.collector.BaseCollectorConfig.fromConfig(BaseCollectorConfig.java:261) [jmeter-prometheus-plugin-0.6.0.jar:?]
	at com.github.johrstrom.collector.JMeterCollectorRegistry.getOrCreateAndRegister(JMeterCollectorRegistry.java:86) [jmeter-prometheus-plugin-0.6.0.jar:?]
	at com.github.johrstrom.listener.PrometheusListener.makeNewCollectors(PrometheusListener.java:176) [jmeter-prometheus-plugin-0.6.0.jar:?]
	at com.github.johrstrom.listener.PrometheusListener.testStarted(PrometheusListener.java:134) [jmeter-prometheus-plugin-0.6.0.jar:?]
	at org.apache.jmeter.engine.StandardJMeterEngine.notifyTestListenersOfStart(StandardJMeterEngine.java:247) [ApacheJMeter_core.jar:5.6.3]
	at org.apache.jmeter.engine.StandardJMeterEngine.run(StandardJMeterEngine.java:432) [ApacheJMeter_core.jar:5.6.3]
	at java.base/java.util.concurrent.Executors$RunnableAdapter.call(Executors.java:539) [?:?]
	at java.base/java.util.concurrent.FutureTask.run(FutureTask.java:264) [?:?]
	at java.base/java.util.concurrent.ThreadPoolExecutor.runWorker(ThreadPoolExecutor.java:1136) [?:?]
	at java.base/java.util.concurrent.ThreadPoolExecutor$Worker.run(ThreadPoolExecutor.java:635) [?:?]
	at java.base/java.lang.Thread.run(Thread.java:840) [?:?]
2025-06-15 12:16:56,903 ERROR c.g.j.l.PrometheusListener: Didn't create new collector because of error, 
java.lang.NullPointerException: Cannot invoke "io.prometheus.client.Collector.collect()" because "m" is null
	at io.prometheus.client.CollectorRegistry.collectorNames(CollectorRegistry.java:100) ~[jmeter-prometheus-plugin-0.6.0.jar:?]
	at io.prometheus.client.CollectorRegistry.register(CollectorRegistry.java:50) ~[jmeter-prometheus-plugin-0.6.0.jar:?]
	at com.github.johrstrom.collector.JMeterCollectorRegistry.getOrCreateAndRegister(JMeterCollectorRegistry.java:87) ~[jmeter-prometheus-plugin-0.6.0.jar:?]
	at com.github.johrstrom.listener.PrometheusListener.makeNewCollectors(PrometheusListener.java:176) [jmeter-prometheus-plugin-0.6.0.jar:?]
	at com.github.johrstrom.listener.PrometheusListener.testStarted(PrometheusListener.java:134) [jmeter-prometheus-plugin-0.6.0.jar:?]
	at org.apache.jmeter.engine.StandardJMeterEngine.notifyTestListenersOfStart(StandardJMeterEngine.java:247) [ApacheJMeter_core.jar:5.6.3]
	at org.apache.jmeter.engine.StandardJMeterEngine.run(StandardJMeterEngine.java:432) [ApacheJMeter_core.jar:5.6.3]
	at java.base/java.util.concurrent.Executors$RunnableAdapter.call(Executors.java:539) [?:?]
	at java.base/java.util.concurrent.FutureTask.run(FutureTask.java:264) [?:?]
	at java.base/java.util.concurrent.ThreadPoolExecutor.runWorker(ThreadPoolExecutor.java:1136) [?:?]
	at java.base/java.util.concurrent.ThreadPoolExecutor$Worker.run(ThreadPoolExecutor.java:635) [?:?]
	at java.base/java.lang.Thread.run(Thread.java:840) [?:?]
2025-06-15 12:16:56,930 ERROR c.g.j.c.BaseCollectorConfig: Didn't create collector from definition [collector.help: default help string, collector.metric_name: jmeter_response_size_summary, collector.type: SUMMARY, collector.labels: [label, code, test_type, scenario_id, app.requestPath], collector.quantiles_or_buckets: 0.75,0.5|0.95,0.1|0.99,0.01, listener.collector.measuring: ResponseSize, ] because of an error
java.lang.IllegalArgumentException: Invalid metric label name: app.requestPath
	at io.prometheus.client.Collector.checkMetricLabelName(Collector.java:203) ~[jmeter-prometheus-plugin-0.6.0.jar:?]
	at io.prometheus.client.SimpleCollector.<init>(SimpleCollector.java:170) ~[jmeter-prometheus-plugin-0.6.0.jar:?]
	at io.prometheus.client.Summary.<init>(Summary.java:88) ~[jmeter-prometheus-plugin-0.6.0.jar:?]
	at io.prometheus.client.Summary$Builder.create(Summary.java:136) ~[jmeter-prometheus-plugin-0.6.0.jar:?]
	at com.github.johrstrom.collector.BaseCollectorConfig.newSummary(BaseCollectorConfig.java:222) ~[jmeter-prometheus-plugin-0.6.0.jar:?]
	at com.github.johrstrom.collector.BaseCollectorConfig.fromConfig(BaseCollectorConfig.java:261) [jmeter-prometheus-plugin-0.6.0.jar:?]
	at com.github.johrstrom.collector.JMeterCollectorRegistry.getOrCreateAndRegister(JMeterCollectorRegistry.java:86) [jmeter-prometheus-plugin-0.6.0.jar:?]
	at com.github.johrstrom.listener.PrometheusListener.makeNewCollectors(PrometheusListener.java:176) [jmeter-prometheus-plugin-0.6.0.jar:?]
	at com.github.johrstrom.listener.PrometheusListener.testStarted(PrometheusListener.java:134) [jmeter-prometheus-plugin-0.6.0.jar:?]
	at org.apache.jmeter.engine.StandardJMeterEngine.notifyTestListenersOfStart(StandardJMeterEngine.java:247) [ApacheJMeter_core.jar:5.6.3]
	at org.apache.jmeter.engine.StandardJMeterEngine.run(StandardJMeterEngine.java:432) [ApacheJMeter_core.jar:5.6.3]
	at java.base/java.util.concurrent.Executors$RunnableAdapter.call(Executors.java:539) [?:?]
	at java.base/java.util.concurrent.FutureTask.run(FutureTask.java:264) [?:?]
	at java.base/java.util.concurrent.ThreadPoolExecutor.runWorker(ThreadPoolExecutor.java:1136) [?:?]
	at java.base/java.util.concurrent.ThreadPoolExecutor$Worker.run(ThreadPoolExecutor.java:635) [?:?]
	at java.base/java.lang.Thread.run(Thread.java:840) [?:?]
2025-06-15 12:16:56,931 ERROR c.g.j.l.PrometheusListener: Didn't create new collector because of error, 
java.lang.NullPointerException: Cannot invoke "io.prometheus.client.Collector.collect()" because "m" is null
	at io.prometheus.client.CollectorRegistry.collectorNames(CollectorRegistry.java:100) ~[jmeter-prometheus-plugin-0.6.0.jar:?]
	at io.prometheus.client.CollectorRegistry.register(CollectorRegistry.java:50) ~[jmeter-prometheus-plugin-0.6.0.jar:?]
	at com.github.johrstrom.collector.JMeterCollectorRegistry.getOrCreateAndRegister(JMeterCollectorRegistry.java:87) ~[jmeter-prometheus-plugin-0.6.0.jar:?]
	at com.github.johrstrom.listener.PrometheusListener.makeNewCollectors(PrometheusListener.java:176) [jmeter-prometheus-plugin-0.6.0.jar:?]
	at com.github.johrstrom.listener.PrometheusListener.testStarted(PrometheusListener.java:134) [jmeter-prometheus-plugin-0.6.0.jar:?]
	at org.apache.jmeter.engine.StandardJMeterEngine.notifyTestListenersOfStart(StandardJMeterEngine.java:247) [ApacheJMeter_core.jar:5.6.3]
	at org.apache.jmeter.engine.StandardJMeterEngine.run(StandardJMeterEngine.java:432) [ApacheJMeter_core.jar:5.6.3]
	at java.base/java.util.concurrent.Executors$RunnableAdapter.call(Executors.java:539) [?:?]
	at java.base/java.util.concurrent.FutureTask.run(FutureTask.java:264) [?:?]
	at java.base/java.util.concurrent.ThreadPoolExecutor.runWorker(ThreadPoolExecutor.java:1136) [?:?]
	at java.base/java.util.concurrent.ThreadPoolExecutor$Worker.run(ThreadPoolExecutor.java:635) [?:?]
	at java.base/java.lang.Thread.run(Thread.java:840) [?:?]
2025-06-15 12:16:56,932 ERROR c.g.j.c.BaseCollectorConfig: Didn't create collector from definition [collector.help: default help string, collector.metric_name: jmeter_response_size_summary, collector.type: SUMMARY, collector.labels: [label, code, test_type, scenario_id, app.requestPath], collector.quantiles_or_buckets: 0.75,0.5|0.95,0.1|0.99,0.01, listener.collector.measuring: ResponseSize, ] because of an error
java.lang.IllegalArgumentException: Invalid metric label name: app.requestPath
	at io.prometheus.client.Collector.checkMetricLabelName(Collector.java:203) ~[jmeter-prometheus-plugin-0.6.0.jar:?]
	at io.prometheus.client.SimpleCollector.<init>(SimpleCollector.java:170) ~[jmeter-prometheus-plugin-0.6.0.jar:?]
	at io.prometheus.client.Summary.<init>(Summary.java:88) ~[jmeter-prometheus-plugin-0.6.0.jar:?]
	at io.prometheus.client.Summary$Builder.create(Summary.java:136) ~[jmeter-prometheus-plugin-0.6.0.jar:?]
	at com.github.johrstrom.collector.BaseCollectorConfig.newSummary(BaseCollectorConfig.java:222) ~[jmeter-prometheus-plugin-0.6.0.jar:?]
	at com.github.johrstrom.collector.BaseCollectorConfig.fromConfig(BaseCollectorConfig.java:261) [jmeter-prometheus-plugin-0.6.0.jar:?]
	at com.github.johrstrom.collector.JMeterCollectorRegistry.getOrCreateAndRegister(JMeterCollectorRegistry.java:86) [jmeter-prometheus-plugin-0.6.0.jar:?]
	at com.github.johrstrom.listener.PrometheusListener.makeNewCollectors(PrometheusListener.java:176) [jmeter-prometheus-plugin-0.6.0.jar:?]
	at com.github.johrstrom.listener.PrometheusListener.testStarted(PrometheusListener.java:134) [jmeter-prometheus-plugin-0.6.0.jar:?]
	at org.apache.jmeter.engine.StandardJMeterEngine.notifyTestListenersOfStart(StandardJMeterEngine.java:247) [ApacheJMeter_core.jar:5.6.3]
	at org.apache.jmeter.engine.StandardJMeterEngine.run(StandardJMeterEngine.java:432) [ApacheJMeter_core.jar:5.6.3]
	at java.base/java.util.concurrent.Executors$RunnableAdapter.call(Executors.java:539) [?:?]
	at java.base/java.util.concurrent.FutureTask.run(FutureTask.java:264) [?:?]
	at java.base/java.util.concurrent.ThreadPoolExecutor.runWorker(ThreadPoolExecutor.java:1136) [?:?]
	at java.base/java.util.concurrent.ThreadPoolExecutor$Worker.run(ThreadPoolExecutor.java:635) [?:?]
	at java.base/java.lang.Thread.run(Thread.java:840) [?:?]
2025-06-15 12:16:56,933 ERROR c.g.j.l.PrometheusListener: Didn't create new collector because of error, 
java.lang.NullPointerException: Cannot invoke "io.prometheus.client.Collector.collect()" because "m" is null
	at io.prometheus.client.CollectorRegistry.collectorNames(CollectorRegistry.java:100) ~[jmeter-prometheus-plugin-0.6.0.jar:?]
	at io.prometheus.client.CollectorRegistry.register(CollectorRegistry.java:50) ~[jmeter-prometheus-plugin-0.6.0.jar:?]
	at com.github.johrstrom.collector.JMeterCollectorRegistry.getOrCreateAndRegister(JMeterCollectorRegistry.java:87) ~[jmeter-prometheus-plugin-0.6.0.jar:?]
	at com.github.johrstrom.listener.PrometheusListener.makeNewCollectors(PrometheusListener.java:176) [jmeter-prometheus-plugin-0.6.0.jar:?]
	at com.github.johrstrom.listener.PrometheusListener.testStarted(PrometheusListener.java:134) [jmeter-prometheus-plugin-0.6.0.jar:?]
	at org.apache.jmeter.engine.StandardJMeterEngine.notifyTestListenersOfStart(StandardJMeterEngine.java:247) [ApacheJMeter_core.jar:5.6.3]
	at org.apache.jmeter.engine.StandardJMeterEngine.run(StandardJMeterEngine.java:432) [ApacheJMeter_core.jar:5.6.3]
	at java.base/java.util.concurrent.Executors$RunnableAdapter.call(Executors.java:539) [?:?]
	at java.base/java.util.concurrent.FutureTask.run(FutureTask.java:264) [?:?]
	at java.base/java.util.concurrent.ThreadPoolExecutor.runWorker(ThreadPoolExecutor.java:1136) [?:?]
	at java.base/java.util.concurrent.ThreadPoolExecutor$Worker.run(ThreadPoolExecutor.java:635) [?:?]
	at java.base/java.lang.Thread.run(Thread.java:840) [?:?]
2025-06-15 12:16:56,934 ERROR c.g.j.c.BaseCollectorConfig: Didn't create collector from definition [collector.help: default help string, collector.metric_name: jmeter_response_size_summary, collector.type: SUMMARY, collector.labels: [label, code, test_type, scenario_id, app.requestPath], collector.quantiles_or_buckets: 0.75,0.5|0.95,0.1|0.99,0.01, listener.collector.measuring: ResponseSize, ] because of an error
java.lang.IllegalArgumentException: Invalid metric label name: app.requestPath
	at io.prometheus.client.Collector.checkMetricLabelName(Collector.java:203) ~[jmeter-prometheus-plugin-0.6.0.jar:?]
	at io.prometheus.client.SimpleCollector.<init>(SimpleCollector.java:170) ~[jmeter-prometheus-plugin-0.6.0.jar:?]
	at io.prometheus.client.Summary.<init>(Summary.java:88) ~[jmeter-prometheus-plugin-0.6.0.jar:?]
	at io.prometheus.client.Summary$Builder.create(Summary.java:136) ~[jmeter-prometheus-plugin-0.6.0.jar:?]
	at com.github.johrstrom.collector.BaseCollectorConfig.newSummary(BaseCollectorConfig.java:222) ~[jmeter-prometheus-plugin-0.6.0.jar:?]
	at com.github.johrstrom.collector.BaseCollectorConfig.fromConfig(BaseCollectorConfig.java:261) [jmeter-prometheus-plugin-0.6.0.jar:?]
	at com.github.johrstrom.collector.JMeterCollectorRegistry.getOrCreateAndRegister(JMeterCollectorRegistry.java:86) [jmeter-prometheus-plugin-0.6.0.jar:?]
	at com.github.johrstrom.listener.PrometheusListener.makeNewCollectors(PrometheusListener.java:176) [jmeter-prometheus-plugin-0.6.0.jar:?]
	at com.github.johrstrom.listener.PrometheusListener.testStarted(PrometheusListener.java:134) [jmeter-prometheus-plugin-0.6.0.jar:?]
	at org.apache.jmeter.engine.StandardJMeterEngine.notifyTestListenersOfStart(StandardJMeterEngine.java:247) [ApacheJMeter_core.jar:5.6.3]
	at org.apache.jmeter.engine.StandardJMeterEngine.run(StandardJMeterEngine.java:432) [ApacheJMeter_core.jar:5.6.3]
	at java.base/java.util.concurrent.Executors$RunnableAdapter.call(Executors.java:539) [?:?]
	at java.base/java.util.concurrent.FutureTask.run(FutureTask.java:264) [?:?]
	at java.base/java.util.concurrent.ThreadPoolExecutor.runWorker(ThreadPoolExecutor.java:1136) [?:?]
	at java.base/java.util.concurrent.ThreadPoolExecutor$Worker.run(ThreadPoolExecutor.java:635) [?:?]
	at java.base/java.lang.Thread.run(Thread.java:840) [?:?]
2025-06-15 12:16:56,935 ERROR c.g.j.l.PrometheusListener: Didn't create new collector because of error, 
java.lang.NullPointerException: Cannot invoke "io.prometheus.client.Collector.collect()" because "m" is null
	at io.prometheus.client.CollectorRegistry.collectorNames(CollectorRegistry.java:100) ~[jmeter-prometheus-plugin-0.6.0.jar:?]
	at io.prometheus.client.CollectorRegistry.register(CollectorRegistry.java:50) ~[jmeter-prometheus-plugin-0.6.0.jar:?]
	at com.github.johrstrom.collector.JMeterCollectorRegistry.getOrCreateAndRegister(JMeterCollectorRegistry.java:87) ~[jmeter-prometheus-plugin-0.6.0.jar:?]
	at com.github.johrstrom.listener.PrometheusListener.makeNewCollectors(PrometheusListener.java:176) [jmeter-prometheus-plugin-0.6.0.jar:?]
	at com.github.johrstrom.listener.PrometheusListener.testStarted(PrometheusListener.java:134) [jmeter-prometheus-plugin-0.6.0.jar:?]
	at org.apache.jmeter.engine.StandardJMeterEngine.notifyTestListenersOfStart(StandardJMeterEngine.java:247) [ApacheJMeter_core.jar:5.6.3]
	at org.apache.jmeter.engine.StandardJMeterEngine.run(StandardJMeterEngine.java:432) [ApacheJMeter_core.jar:5.6.3]
	at java.base/java.util.concurrent.Executors$RunnableAdapter.call(Executors.java:539) [?:?]
	at java.base/java.util.concurrent.FutureTask.run(FutureTask.java:264) [?:?]
	at java.base/java.util.concurrent.ThreadPoolExecutor.runWorker(ThreadPoolExecutor.java:1136) [?:?]
	at java.base/java.util.concurrent.ThreadPoolExecutor$Worker.run(ThreadPoolExecutor.java:635) [?:?]
	at java.base/java.lang.Thread.run(Thread.java:840) [?:?]
2025-06-15 12:16:56,936 INFO o.a.j.g.u.JMeterMenuBar: setRunning(true, *local*)
2025-06-15 12:16:56,979 INFO o.a.j.e.StandardJMeterEngine: Starting ThreadGroup: 1 : Product Search
2025-06-15 12:16:56,979 INFO o.a.j.e.StandardJMeterEngine: Starting 10 threads for group Product Search.
2025-06-15 12:16:56,980 INFO o.a.j.e.StandardJMeterEngine: Thread will continue on error
2025-06-15 12:16:56,980 INFO o.a.j.t.ThreadGroup: Starting thread group... number=1 threads=10 ramp-up=100 delayedStart=false
2025-06-15 12:16:56,984 INFO o.a.j.t.JMeterThread: Thread started: Product Search 1-1
2025-06-15 12:16:56,986 INFO o.a.j.s.FileServer: Stored: /home/melek/otel-mastery/test/data/search_terms.csv
2025-06-15 12:16:56,987 INFO o.a.j.t.ThreadGroup: Started thread group number 1
2025-06-15 12:16:56,987 INFO o.a.j.e.StandardJMeterEngine: Starting ThreadGroup: 2 : Cart Operations
2025-06-15 12:16:56,987 INFO o.a.j.e.StandardJMeterEngine: Starting 10 threads for group Cart Operations.
2025-06-15 12:16:56,987 INFO o.a.j.e.StandardJMeterEngine: Thread will continue on error
2025-06-15 12:16:56,987 INFO o.a.j.t.ThreadGroup: Starting thread group... number=2 threads=10 ramp-up=100 delayedStart=false
2025-06-15 12:16:56,989 INFO o.a.j.t.JMeterThread: Thread started: Cart Operations 2-1
2025-06-15 12:16:56,994 INFO o.a.j.s.FileServer: Stored: /home/melek/otel-mastery/test/data//cart_update.csv
2025-06-15 12:16:56,994 INFO o.a.j.t.ThreadGroup: Started thread group number 2
2025-06-15 12:16:56,995 INFO o.a.j.e.StandardJMeterEngine: Starting ThreadGroup: 3 : Checkout Process
2025-06-15 12:16:56,995 INFO o.a.j.e.StandardJMeterEngine: Starting 10 threads for group Checkout Process.
2025-06-15 12:16:56,995 INFO o.a.j.e.StandardJMeterEngine: Thread will continue on error
2025-06-15 12:16:56,995 INFO o.a.j.t.ThreadGroup: Starting thread group... number=3 threads=10 ramp-up=100 delayedStart=false
2025-06-15 12:16:56,996 INFO o.a.j.t.JMeterThread: Thread started: Checkout Process 3-1
2025-06-15 12:16:56,997 INFO o.a.j.s.FileServer: Stored: /home/melek/otel-mastery/test/data//cart_items.csv
2025-06-15 12:16:57,000 INFO o.a.j.t.ThreadGroup: Started thread group number 3
2025-06-15 12:16:57,001 INFO o.a.j.e.StandardJMeterEngine: All thread groups have been started
2025-06-15 12:16:57,032 INFO o.a.j.p.h.s.HTTPHCAbstractImpl: Local host = Melek
2025-06-15 12:16:57,041 INFO o.a.j.p.h.s.HTTPHC4Impl: HTTP request retry count = 0
2025-06-15 12:16:57,126 INFO o.a.j.t.JMeterThread: Thread is done: Product Search 1-1
2025-06-15 12:16:57,126 INFO o.a.j.t.JMeterThread: Thread finished: Product Search 1-1
2025-06-15 12:16:57,700 INFO o.a.j.t.JMeterThread: Thread is done: Cart Operations 2-1
2025-06-15 12:16:57,700 INFO o.a.j.t.JMeterThread: Thread finished: Cart Operations 2-1
2025-06-15 12:17:01,743 INFO o.a.j.t.JMeterThread: Thread is done: Checkout Process 3-1
2025-06-15 12:17:01,743 INFO o.a.j.t.JMeterThread: Thread finished: Checkout Process 3-1
2025-06-15 12:17:06,981 INFO o.a.j.t.JMeterThread: Thread started: Product Search 1-2
2025-06-15 12:17:06,988 INFO o.a.j.t.JMeterThread: Thread started: Cart Operations 2-2
2025-06-15 12:17:06,996 INFO o.a.j.t.JMeterThread: Thread started: Checkout Process 3-2
2025-06-15 12:17:06,999 INFO o.a.j.t.JMeterThread: Thread is done: Product Search 1-2
2025-06-15 12:17:06,999 INFO o.a.j.t.JMeterThread: Thread finished: Product Search 1-2
2025-06-15 12:17:07,070 INFO o.a.j.t.JMeterThread: Thread is done: Cart Operations 2-2
2025-06-15 12:17:07,070 INFO o.a.j.t.JMeterThread: Thread finished: Cart Operations 2-2
2025-06-15 12:17:11,074 INFO o.a.j.t.JMeterThread: Thread is done: Checkout Process 3-2
2025-06-15 12:17:11,074 INFO o.a.j.t.JMeterThread: Thread finished: Checkout Process 3-2
2025-06-15 12:17:16,981 INFO o.a.j.t.JMeterThread: Thread started: Product Search 1-3
2025-06-15 12:17:16,991 INFO o.a.j.t.JMeterThread: Thread started: Cart Operations 2-3
2025-06-15 12:17:16,996 INFO o.a.j.t.JMeterThread: Thread started: Checkout Process 3-3
2025-06-15 12:17:16,999 INFO o.a.j.t.JMeterThread: Thread is done: Product Search 1-3
2025-06-15 12:17:17,000 INFO o.a.j.t.JMeterThread: Thread finished: Product Search 1-3
2025-06-15 12:17:17,059 INFO o.a.j.t.JMeterThread: Thread is done: Cart Operations 2-3
2025-06-15 12:17:17,060 INFO o.a.j.t.JMeterThread: Thread finished: Cart Operations 2-3
2025-06-15 12:17:21,066 INFO o.a.j.t.JMeterThread: Thread is done: Checkout Process 3-3
2025-06-15 12:17:21,066 INFO o.a.j.t.JMeterThread: Thread finished: Checkout Process 3-3
2025-06-15 12:17:26,980 INFO o.a.j.t.JMeterThread: Thread started: Product Search 1-4
2025-06-15 12:17:26,990 INFO o.a.j.t.JMeterThread: Thread started: Cart Operations 2-4
2025-06-15 12:17:26,996 INFO o.a.j.t.JMeterThread: Thread started: Checkout Process 3-4
2025-06-15 12:17:26,998 INFO o.a.j.t.JMeterThread: Thread is done: Product Search 1-4
2025-06-15 12:17:26,998 INFO o.a.j.t.JMeterThread: Thread finished: Product Search 1-4
2025-06-15 12:17:27,050 INFO o.a.j.t.JMeterThread: Thread is done: Cart Operations 2-4
2025-06-15 12:17:27,050 INFO o.a.j.t.JMeterThread: Thread finished: Cart Operations 2-4
2025-06-15 12:17:31,065 INFO o.a.j.t.JMeterThread: Thread is done: Checkout Process 3-4
2025-06-15 12:17:31,065 INFO o.a.j.t.JMeterThread: Thread finished: Checkout Process 3-4
2025-06-15 12:17:36,981 INFO o.a.j.t.JMeterThread: Thread started: Product Search 1-5
2025-06-15 12:17:36,989 INFO o.a.j.t.JMeterThread: Thread started: Cart Operations 2-5
2025-06-15 12:17:36,996 INFO o.a.j.t.JMeterThread: Thread started: Checkout Process 3-5
2025-06-15 12:17:36,999 INFO o.a.j.t.JMeterThread: Thread is done: Product Search 1-5
2025-06-15 12:17:36,999 INFO o.a.j.t.JMeterThread: Thread finished: Product Search 1-5
2025-06-15 12:17:37,040 INFO o.a.j.t.JMeterThread: Thread is done: Cart Operations 2-5
2025-06-15 12:17:37,040 INFO o.a.j.t.JMeterThread: Thread finished: Cart Operations 2-5
2025-06-15 12:17:41,064 INFO o.a.j.t.JMeterThread: Thread is done: Checkout Process 3-5
2025-06-15 12:17:41,064 INFO o.a.j.t.JMeterThread: Thread finished: Checkout Process 3-5
2025-06-15 12:17:46,982 INFO o.a.j.t.JMeterThread: Thread started: Product Search 1-6
2025-06-15 12:17:46,990 INFO o.a.j.t.JMeterThread: Thread started: Cart Operations 2-6
2025-06-15 12:17:46,996 INFO o.a.j.t.JMeterThread: Thread started: Checkout Process 3-6
2025-06-15 12:17:46,998 INFO o.a.j.t.JMeterThread: Thread is done: Product Search 1-6
2025-06-15 12:17:46,998 INFO o.a.j.t.JMeterThread: Thread finished: Product Search 1-6
2025-06-15 12:17:47,040 INFO o.a.j.t.JMeterThread: Thread is done: Cart Operations 2-6
2025-06-15 12:17:47,040 INFO o.a.j.t.JMeterThread: Thread finished: Cart Operations 2-6
2025-06-15 12:17:51,069 INFO o.a.j.t.JMeterThread: Thread is done: Checkout Process 3-6
2025-06-15 12:17:51,069 INFO o.a.j.t.JMeterThread: Thread finished: Checkout Process 3-6
2025-06-15 12:17:56,981 INFO o.a.j.t.JMeterThread: Thread started: Product Search 1-7
2025-06-15 12:17:56,988 INFO o.a.j.t.JMeterThread: Thread started: Cart Operations 2-7
2025-06-15 12:17:56,996 INFO o.a.j.t.JMeterThread: Thread started: Checkout Process 3-7
2025-06-15 12:17:57,001 INFO o.a.j.t.JMeterThread: Thread is done: Product Search 1-7
2025-06-15 12:17:57,001 INFO o.a.j.t.JMeterThread: Thread finished: Product Search 1-7
2025-06-15 12:17:57,048 INFO o.a.j.t.JMeterThread: Thread is done: Cart Operations 2-7
2025-06-15 12:17:57,048 INFO o.a.j.t.JMeterThread: Thread finished: Cart Operations 2-7
2025-06-15 12:18:01,076 INFO o.a.j.t.JMeterThread: Thread is done: Checkout Process 3-7
2025-06-15 12:18:01,076 INFO o.a.j.t.JMeterThread: Thread finished: Checkout Process 3-7
2025-06-15 12:18:06,982 INFO o.a.j.t.JMeterThread: Thread started: Product Search 1-8
2025-06-15 12:18:06,988 INFO o.a.j.t.JMeterThread: Thread started: Cart Operations 2-8
2025-06-15 12:18:06,996 INFO o.a.j.t.JMeterThread: Thread started: Checkout Process 3-8
2025-06-15 12:18:07,004 INFO o.a.j.t.JMeterThread: Thread is done: Product Search 1-8
2025-06-15 12:18:07,004 INFO o.a.j.t.JMeterThread: Thread finished: Product Search 1-8
2025-06-15 12:18:07,048 INFO o.a.j.t.JMeterThread: Thread is done: Cart Operations 2-8
2025-06-15 12:18:07,048 INFO o.a.j.t.JMeterThread: Thread finished: Cart Operations 2-8
2025-06-15 12:18:11,070 INFO o.a.j.t.JMeterThread: Thread is done: Checkout Process 3-8
2025-06-15 12:18:11,071 INFO o.a.j.t.JMeterThread: Thread finished: Checkout Process 3-8
2025-06-15 12:18:16,980 INFO o.a.j.t.JMeterThread: Thread started: Product Search 1-9
2025-06-15 12:18:16,989 INFO o.a.j.t.JMeterThread: Thread started: Cart Operations 2-9
2025-06-15 12:18:16,998 INFO o.a.j.t.JMeterThread: Thread started: Checkout Process 3-9
2025-06-15 12:18:16,998 INFO o.a.j.t.JMeterThread: Thread is done: Product Search 1-9
2025-06-15 12:18:16,998 INFO o.a.j.t.JMeterThread: Thread finished: Product Search 1-9
2025-06-15 12:18:17,045 INFO o.a.j.t.JMeterThread: Thread is done: Cart Operations 2-9
2025-06-15 12:18:17,046 INFO o.a.j.t.JMeterThread: Thread finished: Cart Operations 2-9
2025-06-15 12:18:21,069 INFO o.a.j.t.JMeterThread: Thread is done: Checkout Process 3-9
2025-06-15 12:18:21,070 INFO o.a.j.t.JMeterThread: Thread finished: Checkout Process 3-9
2025-06-15 12:18:26,981 INFO o.a.j.t.JMeterThread: Thread started: Product Search 1-10
2025-06-15 12:18:26,989 INFO o.a.j.t.JMeterThread: Thread started: Cart Operations 2-10
2025-06-15 12:18:26,996 INFO o.a.j.t.JMeterThread: Thread started: Checkout Process 3-10
2025-06-15 12:18:27,001 INFO o.a.j.t.JMeterThread: Thread is done: Product Search 1-10
2025-06-15 12:18:27,001 INFO o.a.j.t.JMeterThread: Thread finished: Product Search 1-10
2025-06-15 12:18:27,052 INFO o.a.j.t.JMeterThread: Thread is done: Cart Operations 2-10
2025-06-15 12:18:27,052 INFO o.a.j.t.JMeterThread: Thread finished: Cart Operations 2-10
2025-06-15 12:18:31,065 INFO o.a.j.t.JMeterThread: Thread is done: Checkout Process 3-10
2025-06-15 12:18:31,065 INFO o.a.j.t.JMeterThread: Thread finished: Checkout Process 3-10
2025-06-15 12:18:31,065 INFO o.a.j.e.StandardJMeterEngine: Notifying test listeners of end of test
2025-06-15 12:18:31,065 INFO o.a.j.s.FileServer: Close: /home/melek/otel-mastery/test/data//cart_update.csv
2025-06-15 12:18:31,066 INFO o.a.j.s.FileServer: Close: /home/melek/otel-mastery/test/data/search_terms.csv
2025-06-15 12:18:31,066 INFO o.a.j.s.FileServer: Close: /home/melek/otel-mastery/test/data//cart_items.csv
2025-06-15 12:18:31,070 INFO o.a.j.g.u.JMeterMenuBar: setRunning(false, *local*)
